Determining if the pthread_create exist failed with the following output:
Change Dir: /home/odroid/Documents/ProjectsGit/librealsense/build/CMakeFiles/CMakeTmp

Run Build Command:"/usr/bin/make" "cmTC_9e998/fast"
/usr/bin/make -f CMakeFiles/cmTC_9e998.dir/build.make CMakeFiles/cmTC_9e998.dir/build
make[1]: Entering directory '/home/odroid/Documents/ProjectsGit/librealsense/build/CMakeFiles/CMakeTmp'
Building C object CMakeFiles/cmTC_9e998.dir/CheckSymbolExists.c.o
/usr/bin/cc    -std=c11    -o CMakeFiles/cmTC_9e998.dir/CheckSymbolExists.c.o   -c /home/odroid/Documents/ProjectsGit/librealsense/build/CMakeFiles/CMakeTmp/CheckSymbolExists.c
Linking C executable cmTC_9e998
/usr/bin/cmake -E cmake_link_script CMakeFiles/cmTC_9e998.dir/link.txt --verbose=1
/usr/bin/cc   -std=c11     CMakeFiles/cmTC_9e998.dir/CheckSymbolExists.c.o  -o cmTC_9e998 -rdynamic 
CMakeFiles/cmTC_9e998.dir/CheckSymbolExists.c.o: In function `main':
CheckSymbolExists.c:(.text+0xe): undefined reference to `pthread_create'
CheckSymbolExists.c:(.text+0x12): undefined reference to `pthread_create'
collect2: error: ld returned 1 exit status
CMakeFiles/cmTC_9e998.dir/build.make:97: recipe for target 'cmTC_9e998' failed
make[1]: *** [cmTC_9e998] Error 1
make[1]: Leaving directory '/home/odroid/Documents/ProjectsGit/librealsense/build/CMakeFiles/CMakeTmp'
Makefile:126: recipe for target 'cmTC_9e998/fast' failed
make: *** [cmTC_9e998/fast] Error 2

File /home/odroid/Documents/ProjectsGit/librealsense/build/CMakeFiles/CMakeTmp/CheckSymbolExists.c:
/* */
#include <pthread.h>

int main(int argc, char** argv)
{
  (void)argv;
#ifndef pthread_create
  return ((int*)(&pthread_create))[argc];
#else
  (void)argc;
  return 0;
#endif
}

Determining if the function pthread_create exists in the pthreads failed with the following output:
Change Dir: /home/odroid/Documents/ProjectsGit/librealsense/build/CMakeFiles/CMakeTmp

Run Build Command:"/usr/bin/make" "cmTC_71d61/fast"
/usr/bin/make -f CMakeFiles/cmTC_71d61.dir/build.make CMakeFiles/cmTC_71d61.dir/build
make[1]: Entering directory '/home/odroid/Documents/ProjectsGit/librealsense/build/CMakeFiles/CMakeTmp'
Building C object CMakeFiles/cmTC_71d61.dir/CheckFunctionExists.c.o
/usr/bin/cc    -std=c11 -DCHECK_FUNCTION_EXISTS=pthread_create   -o CMakeFiles/cmTC_71d61.dir/CheckFunctionExists.c.o   -c /usr/share/cmake-3.5/Modules/CheckFunctionExists.c
Linking C executable cmTC_71d61
/usr/bin/cmake -E cmake_link_script CMakeFiles/cmTC_71d61.dir/link.txt --verbose=1
/usr/bin/cc   -std=c11 -DCHECK_FUNCTION_EXISTS=pthread_create    CMakeFiles/cmTC_71d61.dir/CheckFunctionExists.c.o  -o cmTC_71d61 -rdynamic -lpthreads 
/usr/bin/ld: cannot find -lpthreads
collect2: error: ld returned 1 exit status
CMakeFiles/cmTC_71d61.dir/build.make:97: recipe for target 'cmTC_71d61' failed
make[1]: *** [cmTC_71d61] Error 1
make[1]: Leaving directory '/home/odroid/Documents/ProjectsGit/librealsense/build/CMakeFiles/CMakeTmp'
Makefile:126: recipe for target 'cmTC_71d61/fast' failed
make: *** [cmTC_71d61/fast] Error 2


